<?xml version="1.0" encoding="UTF-8"?>
<!-- Generated by org.testng.reporters.JUnitReportReporter -->
<testsuite skipped="0" hostname="PF1FR3KW" name="com.OrangeHrm.ConnectDB" tests="1" failures="0" timestamp="2020-12-21T12:21:50 CET" time="0.757" errors="0">
  <testcase name="ConnectSQLDB" time="0.757" classname="com.OrangeHrm.ConnectDB"/>
  <system-out/>
</testsuite> <!-- com.OrangeHrm.ConnectDB -->
