<?xml version="1.0" encoding="UTF-8"?>
<!-- Generated by org.testng.reporters.JUnitReportReporter -->
<testsuite skipped="0" hostname="PF1FR3KW" name="com.OrangeHrm.MouseOverYatra" tests="1" failures="0" timestamp="2020-12-21T13:22:29 CET" time="18.925" errors="0">
  <testcase name="MouseHoverYatra" time="18.925" classname="com.OrangeHrm.MouseOverYatra"/>
  <system-out/>
</testsuite> <!-- com.OrangeHrm.MouseOverYatra -->
