<?xml version="1.0" encoding="UTF-8"?>
<!-- Generated by org.testng.reporters.JUnitReportReporter -->
<testsuite skipped="0" hostname="PF1FR3KW" name="com.OrangeHrm.LoginPage_Saucelab" tests="1" failures="0" timestamp="2020-12-23T11:43:39 CET" time="20.450" errors="0">
  <testcase name="LoginWithValidCredentials" time="20.450" classname="com.OrangeHrm.LoginPage_Saucelab"/>
  <system-out/>
</testsuite> <!-- com.OrangeHrm.LoginPage_Saucelab -->
