<?xml version="1.0" encoding="UTF-8"?>
<!-- Generated by org.testng.reporters.JUnitReportReporter -->
<testsuite skipped="0" hostname="PF1FR3KW" name="com.OrangeHrm.LoginPage" tests="1" failures="0" timestamp="2020-12-30T11:01:52 CET" time="8.202" errors="0">
  <testcase name="LoginWithValidCredentials" time="8.202" classname="com.OrangeHrm.LoginPage"/>
  <system-out/>
</testsuite> <!-- com.OrangeHrm.LoginPage -->
