<?xml version="1.0" encoding="UTF-8"?>
<!-- Generated by org.testng.reporters.JUnitReportReporter -->
<testsuite skipped="0" hostname="PF1FR3KW" name="com.OrangeHrm.DragandDrop" tests="1" failures="0" timestamp="2020-12-21T13:21:09 CET" time="13.060" errors="0">
  <testcase name="DragDrop" time="13.060" classname="com.OrangeHrm.DragandDrop"/>
  <system-out/>
</testsuite> <!-- com.OrangeHrm.DragandDrop -->
